10 16, 2013 3:21:55 午後 org.apache.catalina.core.AprLifecycleListener init
情報: Loaded APR based Apache Tomcat Native library 1.1.27 using APR version 1.4.6.
10 16, 2013 3:21:55 午後 org.apache.catalina.core.AprLifecycleListener init
情報: APR capabilities: IPv6 [true], sendfile [true], accept filters [false], random [true].
10 16, 2013 3:21:56 午後 org.apache.catalina.core.AprLifecycleListener initializeSSL
情報: OpenSSL successfully initialized (OpenSSL 1.0.1d 5 Feb 2013)
10 16, 2013 3:21:56 午後 org.apache.coyote.AbstractProtocol init
情報: Initializing ProtocolHandler ["http-apr-8080"]
10 16, 2013 3:21:56 午後 org.apache.coyote.AbstractProtocol init
情報: Initializing ProtocolHandler ["ajp-apr-8009"]
10 16, 2013 3:21:56 午後 org.apache.catalina.startup.Catalina load
情報: Initialization processed in 1771 ms
10 16, 2013 3:21:56 午後 org.apache.catalina.core.StandardService startInternal
情報: サービス Catalina を起動します
10 16, 2013 3:21:56 午後 org.apache.catalina.core.StandardEngine startInternal
情報: Starting Servlet Engine: Apache Tomcat/7.0.42
10 16, 2013 3:21:56 午後 org.apache.catalina.loader.WebappClassLoader validateJarFile
情報: validateJarFile(D:\develop\workspace\fusion\target\fusion\WEB-INF\lib\javax.servlet-api-3.1.0.jar) - jar not loaded. See Servlet Spec 2.3, section 9.7.2. Offending class: javax/servlet/Servlet.class
10 16, 2013 3:22:12 午後 org.apache.catalina.startup.HostConfig deployDirectory
情報: Webアプリケーションディレクトリ D:\develop\tomcat7042\webapps\docs を配備します
10 16, 2013 3:22:12 午後 org.apache.catalina.startup.HostConfig deployDirectory
情報: Webアプリケーションディレクトリ D:\develop\tomcat7042\webapps\examples を配備します
10 16, 2013 3:22:13 午後 org.apache.catalina.startup.HostConfig deployDirectory
情報: Webアプリケーションディレクトリ D:\develop\tomcat7042\webapps\host-manager を配備します
10 16, 2013 3:22:13 午後 org.apache.catalina.startup.HostConfig deployDirectory
情報: Webアプリケーションディレクトリ D:\develop\tomcat7042\webapps\manager を配備します
10 16, 2013 3:22:13 午後 org.apache.catalina.startup.HostConfig deployDirectory
情報: Webアプリケーションディレクトリ D:\develop\tomcat7042\webapps\ROOT を配備します
10 16, 2013 3:22:13 午後 org.apache.coyote.AbstractProtocol start
情報: Starting ProtocolHandler ["http-apr-8080"]
10 16, 2013 3:22:13 午後 org.apache.coyote.AbstractProtocol start
情報: Starting ProtocolHandler ["ajp-apr-8009"]
10 16, 2013 3:22:13 午後 org.apache.catalina.startup.Catalina start
情報: Server startup in 16904 ms
10 16, 2013 3:23:29 午後 org.apache.catalina.core.StandardServer await
情報: A valid shutdown command was received via the shutdown port. Stopping the Server instance.
10 16, 2013 3:23:29 午後 org.apache.coyote.AbstractProtocol pause
情報: Pausing ProtocolHandler ["http-apr-8080"]
10 16, 2013 3:23:29 午後 org.apache.coyote.AbstractProtocol pause
情報: Pausing ProtocolHandler ["ajp-apr-8009"]
10 16, 2013 3:23:29 午後 org.apache.catalina.core.StandardService stopInternal
情報: サービス Catalina を停止します
10 16, 2013 3:23:30 午後 org.apache.catalina.loader.WebappClassLoader clearReferencesJdbc
重大: The web application [/fusion] registered the JDBC driver [com.mysql.jdbc.Driver] but failed to unregister it when the web application was stopped. To prevent a memory leak, the JDBC Driver has been forcibly unregistered.
10 16, 2013 3:23:30 午後 org.apache.catalina.loader.WebappClassLoader clearReferencesThreads
重大: The web application [/fusion] appears to have started a thread named [Abandoned connection cleanup thread] but has failed to stop it. This is very likely to create a memory leak.
10 16, 2013 3:23:30 午後 org.apache.coyote.AbstractProtocol stop
情報: Stopping ProtocolHandler ["http-apr-8080"]
10 16, 2013 3:23:30 午後 org.apache.coyote.AbstractProtocol stop
情報: Stopping ProtocolHandler ["ajp-apr-8009"]
10 16, 2013 3:23:30 午後 org.apache.coyote.AbstractProtocol destroy
情報: Destroying ProtocolHandler ["http-apr-8080"]
10 16, 2013 3:23:30 午後 org.apache.coyote.AbstractProtocol destroy
情報: Destroying ProtocolHandler ["ajp-apr-8009"]
10 16, 2013 3:23:59 午後 org.apache.catalina.core.AprLifecycleListener init
情報: Loaded APR based Apache Tomcat Native library 1.1.27 using APR version 1.4.6.
10 16, 2013 3:23:59 午後 org.apache.catalina.core.AprLifecycleListener init
情報: APR capabilities: IPv6 [true], sendfile [true], accept filters [false], random [true].
10 16, 2013 3:24:00 午後 org.apache.catalina.core.AprLifecycleListener initializeSSL
情報: OpenSSL successfully initialized (OpenSSL 1.0.1d 5 Feb 2013)
10 16, 2013 3:24:01 午後 org.apache.coyote.AbstractProtocol init
情報: Initializing ProtocolHandler ["http-apr-8080"]
10 16, 2013 3:24:01 午後 org.apache.coyote.AbstractProtocol init
情報: Initializing ProtocolHandler ["ajp-apr-8009"]
10 16, 2013 3:24:01 午後 org.apache.catalina.startup.Catalina load
情報: Initialization processed in 1724 ms
10 16, 2013 3:24:01 午後 org.apache.catalina.core.StandardService startInternal
情報: サービス Catalina を起動します
10 16, 2013 3:24:01 午後 org.apache.catalina.core.StandardEngine startInternal
情報: Starting Servlet Engine: Apache Tomcat/7.0.42
10 16, 2013 3:24:01 午後 org.apache.catalina.loader.WebappClassLoader validateJarFile
情報: validateJarFile(D:\develop\workspace\fusion\target\fusion\WEB-INF\lib\javax.servlet-api-3.1.0.jar) - jar not loaded. See Servlet Spec 2.3, section 9.7.2. Offending class: javax/servlet/Servlet.class
10 16, 2013 3:24:16 午後 org.apache.catalina.startup.HostConfig deployWAR
情報: Webアプリケーションアーカイブ D:\develop\tomcat7042\webapps\spring-security-samples-tutorial-3.0.7.RELEASE.war を配備します
10 16, 2013 3:24:21 午後 org.apache.catalina.startup.HostConfig deployDirectory
情報: Webアプリケーションディレクトリ D:\develop\tomcat7042\webapps\docs を配備します
10 16, 2013 3:24:21 午後 org.apache.catalina.startup.HostConfig deployDirectory
情報: Webアプリケーションディレクトリ D:\develop\tomcat7042\webapps\examples を配備します
10 16, 2013 3:24:21 午後 org.apache.catalina.startup.HostConfig deployDirectory
情報: Webアプリケーションディレクトリ D:\develop\tomcat7042\webapps\host-manager を配備します
10 16, 2013 3:24:21 午後 org.apache.catalina.startup.HostConfig deployDirectory
情報: Webアプリケーションディレクトリ D:\develop\tomcat7042\webapps\manager を配備します
10 16, 2013 3:24:21 午後 org.apache.catalina.startup.HostConfig deployDirectory
情報: Webアプリケーションディレクトリ D:\develop\tomcat7042\webapps\ROOT を配備します
10 16, 2013 3:24:21 午後 org.apache.coyote.AbstractProtocol start
情報: Starting ProtocolHandler ["http-apr-8080"]
10 16, 2013 3:24:21 午後 org.apache.coyote.AbstractProtocol start
情報: Starting ProtocolHandler ["ajp-apr-8009"]
10 16, 2013 3:24:21 午後 org.apache.catalina.startup.Catalina start
情報: Server startup in 20517 ms
10 16, 2013 3:24:59 午後 org.apache.jasper.compiler.TldLocationsCache tldScanJar
情報: At least one JAR was scanned for TLDs yet contained no TLDs. Enable debug logging for this logger for a complete list of JARs that were scanned but no TLDs were found in them. Skipping unneeded JARs during scanning can improve startup time and JSP compilation time.
10 16, 2013 3:33:37 午後 org.apache.catalina.core.StandardServer await
情報: A valid shutdown command was received via the shutdown port. Stopping the Server instance.
10 16, 2013 3:33:37 午後 org.apache.coyote.AbstractProtocol pause
情報: Pausing ProtocolHandler ["http-apr-8080"]
10 16, 2013 3:33:37 午後 org.apache.coyote.AbstractProtocol pause
情報: Pausing ProtocolHandler ["ajp-apr-8009"]
10 16, 2013 3:33:37 午後 org.apache.catalina.core.StandardService stopInternal
情報: サービス Catalina を停止します
10 16, 2013 3:33:37 午後 org.apache.catalina.loader.WebappClassLoader clearReferencesJdbc
重大: The web application [/fusion] registered the JDBC driver [com.mysql.jdbc.Driver] but failed to unregister it when the web application was stopped. To prevent a memory leak, the JDBC Driver has been forcibly unregistered.
10 16, 2013 3:33:37 午後 org.apache.catalina.loader.WebappClassLoader clearReferencesThreads
重大: The web application [/fusion] appears to have started a thread named [Abandoned connection cleanup thread] but has failed to stop it. This is very likely to create a memory leak.
10 16, 2013 3:33:37 午後 org.apache.coyote.AbstractProtocol stop
情報: Stopping ProtocolHandler ["http-apr-8080"]
10 16, 2013 3:33:37 午後 org.apache.coyote.AbstractProtocol stop
情報: Stopping ProtocolHandler ["ajp-apr-8009"]
10 16, 2013 3:33:37 午後 org.apache.coyote.AbstractProtocol destroy
情報: Destroying ProtocolHandler ["http-apr-8080"]
10 16, 2013 3:33:37 午後 org.apache.coyote.AbstractProtocol destroy
情報: Destroying ProtocolHandler ["ajp-apr-8009"]
